Build started 6/21/2012 10:28:58 PM.
     1>Project "C:\Users\Regan\documents\visual studio 2010\Projects\kopirat\kopirat\kopirat.vcxproj" on node 2 (build target(s)).
     1>InitializeBuildStatus:
         Creating "Debug\kopirat.unsuccessfulbuild" because "AlwaysCreate" was specified.
       ClCompile:
         c:\Program Files (x86)\Microsoft Visual Studio 10.0\VC\bin\CL.exe /c /ZI /nologo /W3 /WX- /Od /Oy- /D _MBCS /Gm /EHsc /RTC1 /MDd /GS /fp:precise /Zc:wchar_t /Zc:forScope /Fo"Debug\\" /Fd"Debug\vc100.pdb" /Gd /TP /analyze- /errorReport:prompt GBuffer.cpp
         GBuffer.cpp
       Link:
         c:\Program Files (x86)\Microsoft Visual Studio 10.0\VC\bin\link.exe /ERRORREPORT:PROMPT /OUT:"C:\Users\Regan\documents\visual studio 2010\Projects\kopirat\Debug\kopirat.exe" /NOLOGO kernel32.lib user32.lib gdi32.lib winspool.lib comdlg32.lib advapi32.lib shell32.lib ole32.lib oleaut32.lib uuid.lib odbc32.lib odbccp32.lib /MANIFEST /ManifestFile:"Debug\kopirat.exe.intermediate.manifest" /MANIFESTUAC:"level='asInvoker' uiAccess='false'" /DEBUG /PDB:"C:\Users\Regan\documents\visual studio 2010\Projects\kopirat\Debug\kopirat.pdb" /TLBID:1 /DYNAMICBASE /NXCOMPAT /IMPLIB:"C:\Users\Regan\documents\visual studio 2010\Projects\kopirat\Debug\kopirat.lib" /MACHINE:X86 Debug\CCameraNode.obj
         Debug\CFrameBuffer.obj
         Debug\CLight.obj
         Debug\CLightDirectional.obj
         Debug\CLightEnvironment.obj
         Debug\CMesh.obj
         Debug\CMeshNode.obj
         Debug\CModel.obj
         Debug\CPointLight.obj
         Debug\CPostProcessChain.obj
         Debug\CShader.obj
         Debug\CShader_Deferred.obj
         Debug\CShader_GBuffer.obj
         Debug\CShader_SSAO.obj
         Debug\CSpotLight.obj
         Debug\GBuffer.obj
         Debug\IContentSystem.obj
         Debug\IGame.obj
         Debug\IInputSystem.obj
         Debug\IRenderSystem.obj
         Debug\ISceneManager.obj
         Debug\ISceneNode.obj
         Debug\kopengi.obj
         Debug\main.obj
         SOIL.lib(SOIL.obj) : MSIL .netmodule or module compiled with /GL found; restarting link with /LTCG; add /LTCG to the link command line to improve linker performance
     1>LINK : warning LNK4098: defaultlib 'MSVCRT' conflicts with use of other libs; use /NODEFAULTLIB:library
         Generating code
         Finished generating code
     1>GLFW.lib(enable.obj) : warning LNK4099: PDB 'vc100.pdb' was not found with 'GLFW.lib(enable.obj)' or at 'C:\Users\Regan\documents\visual studio 2010\Projects\kopirat\Debug\vc100.pdb'; linking object as if no debug info
     1>GLFW.lib(glext.obj) : warning LNK4099: PDB 'vc100.pdb' was not found with 'GLFW.lib(glext.obj)' or at 'C:\Users\Regan\documents\visual studio 2010\Projects\kopirat\Debug\vc100.pdb'; linking object as if no debug info
     1>GLFW.lib(init.obj) : warning LNK4099: PDB 'vc100.pdb' was not found with 'GLFW.lib(init.obj)' or at 'C:\Users\Regan\documents\visual studio 2010\Projects\kopirat\Debug\vc100.pdb'; linking object as if no debug info
     1>GLFW.lib(input.obj) : warning LNK4099: PDB 'vc100.pdb' was not found with 'GLFW.lib(input.obj)' or at 'C:\Users\Regan\documents\visual studio 2010\Projects\kopirat\Debug\vc100.pdb'; linking object as if no debug info
     1>GLFW.lib(time.obj) : warning LNK4099: PDB 'vc100.pdb' was not found with 'GLFW.lib(time.obj)' or at 'C:\Users\Regan\documents\visual studio 2010\Projects\kopirat\Debug\vc100.pdb'; linking object as if no debug info
     1>GLFW.lib(win32_enable.obj) : warning LNK4099: PDB 'vc100.pdb' was not found with 'GLFW.lib(win32_enable.obj)' or at 'C:\Users\Regan\documents\visual studio 2010\Projects\kopirat\Debug\vc100.pdb'; linking object as if no debug info
     1>GLFW.lib(win32_fullscreen.obj) : warning LNK4099: PDB 'vc100.pdb' was not found with 'GLFW.lib(win32_fullscreen.obj)' or at 'C:\Users\Regan\documents\visual studio 2010\Projects\kopirat\Debug\vc100.pdb'; linking object as if no debug info
     1>GLFW.lib(win32_glext.obj) : warning LNK4099: PDB 'vc100.pdb' was not found with 'GLFW.lib(win32_glext.obj)' or at 'C:\Users\Regan\documents\visual studio 2010\Projects\kopirat\Debug\vc100.pdb'; linking object as if no debug info
     1>GLFW.lib(win32_init.obj) : warning LNK4099: PDB 'vc100.pdb' was not found with 'GLFW.lib(win32_init.obj)' or at 'C:\Users\Regan\documents\visual studio 2010\Projects\kopirat\Debug\vc100.pdb'; linking object as if no debug info
     1>GLFW.lib(win32_time.obj) : warning LNK4099: PDB 'vc100.pdb' was not found with 'GLFW.lib(win32_time.obj)' or at 'C:\Users\Regan\documents\visual studio 2010\Projects\kopirat\Debug\vc100.pdb'; linking object as if no debug info
     1>GLFW.lib(win32_window.obj) : warning LNK4099: PDB 'vc100.pdb' was not found with 'GLFW.lib(win32_window.obj)' or at 'C:\Users\Regan\documents\visual studio 2010\Projects\kopirat\Debug\vc100.pdb'; linking object as if no debug info
     1>GLFW.lib(window.obj) : warning LNK4099: PDB 'vc100.pdb' was not found with 'GLFW.lib(window.obj)' or at 'C:\Users\Regan\documents\visual studio 2010\Projects\kopirat\Debug\vc100.pdb'; linking object as if no debug info
         kopirat.vcxproj -> C:\Users\Regan\documents\visual studio 2010\Projects\kopirat\Debug\kopirat.exe
       Manifest:
         C:\Program Files (x86)\Microsoft SDKs\Windows\v7.0A\bin\mt.exe /nologo /verbose /outputresource:"C:\Users\Regan\documents\visual studio 2010\Projects\kopirat\Debug\kopirat.exe;#1" /manifest Debug\kopirat.exe.intermediate.manifest
       FinalizeBuildStatus:
         Deleting file "Debug\kopirat.unsuccessfulbuild".
         Touching "Debug\kopirat.lastbuildstate".
     1>Done Building Project "C:\Users\Regan\documents\visual studio 2010\Projects\kopirat\kopirat\kopirat.vcxproj" (build target(s)).

Build succeeded.

Time Elapsed 00:00:01.93
